config file path : config.ini
[2024-11-15 15:01:59] Initializing...
FISCO-BCOS Version : 2.11.0
Build Time         : 20240520 01:38:47
Build Type         : Linux/g++/Release
Git Branch         : HEAD
Git Commit Hash    : bee4dda033297443f02774973445d954933db885
Compile Options    : 
[2024-11-15 15:01:59] The FISCO-BCOS is running...
[2024-11-15 15:20:00] FISCO-BCOS program exit normally.
config file path : config.ini
[2024-11-15 15:20:33] Initializing...
FISCO-BCOS Version : 2.11.0
Build Time         : 20240520 01:38:47
Build Type         : Linux/g++/Release
Git Branch         : HEAD
Git Commit Hash    : bee4dda033297443f02774973445d954933db885
Compile Options    : 
[2024-11-15 15:20:33] The FISCO-BCOS is running...
[2024-11-15 15:57:52] FISCO-BCOS program exit normally.
config file path : config.ini
[2024-11-15 15:57:58] Initializing...
FISCO-BCOS Version : 2.11.0
Build Time         : 20240520 01:38:47
Build Type         : Linux/g++/Release
Git Branch         : HEAD
Git Commit Hash    : bee4dda033297443f02774973445d954933db885
Compile Options    : 
[2024-11-15 15:57:58] The FISCO-BCOS is running...
config file path : config.ini
[2024-11-16 08:13:59] Initializing...
FISCO-BCOS Version : 2.11.0
Build Time         : 20240520 01:38:47
Build Type         : Linux/g++/Release
Git Branch         : HEAD
Git Commit Hash    : bee4dda033297443f02774973445d954933db885
Compile Options    : 
[2024-11-16 08:13:59] The FISCO-BCOS is running...
[2024-11-16 08:15:52] FISCO-BCOS program exit normally.
config file path : config.ini
[2024-11-16 08:18:27] Initializing...
FISCO-BCOS Version : 2.11.0
Build Time         : 20240520 01:38:47
Build Type         : Linux/g++/Release
Git Branch         : HEAD
Git Commit Hash    : bee4dda033297443f02774973445d954933db885
Compile Options    : 
[2024-11-16 08:18:27] The FISCO-BCOS is running...
[2024-11-16 08:25:57] FISCO-BCOS program exit normally.
config file path : config.ini
[2024-11-16 08:26:11] Initializing...
FISCO-BCOS Version : 2.11.0
Build Time         : 20240520 01:38:47
Build Type         : Linux/g++/Release
Git Branch         : HEAD
Git Commit Hash    : bee4dda033297443f02774973445d954933db885
Compile Options    : 
[2024-11-16 08:26:12] The FISCO-BCOS is running...
[2024-11-16 08:27:06] FISCO-BCOS program exit normally.
config file path : config.ini
[2024-11-16 08:27:24] Initializing...
FISCO-BCOS Version : 2.11.0
Build Time         : 20240520 01:38:47
Build Type         : Linux/g++/Release
Git Branch         : HEAD
Git Commit Hash    : bee4dda033297443f02774973445d954933db885
Compile Options    : 
[2024-11-16 08:27:24] The FISCO-BCOS is running...
config file path : config.ini
[2024-11-18 00:28:58] Initializing...
FISCO-BCOS Version : 2.11.0
Build Time         : 20240520 01:38:47
Build Type         : Linux/g++/Release
Git Branch         : HEAD
Git Commit Hash    : bee4dda033297443f02774973445d954933db885
Compile Options    : 
[2024-11-18 00:28:58] The FISCO-BCOS is running...
[2024-11-18 00:29:49] FISCO-BCOS program exit normally.
config file path : config.ini
[2024-11-18 00:30:02] Initializing...
FISCO-BCOS Version : 2.11.0
Build Time         : 20240520 01:38:47
Build Type         : Linux/g++/Release
Git Branch         : HEAD
Git Commit Hash    : bee4dda033297443f02774973445d954933db885
Compile Options    : 
[2024-11-18 00:30:02] The FISCO-BCOS is running...
[2024-11-18 00:30:06] FISCO-BCOS program exit normally.
config file path : config.ini
[2024-11-18 00:30:10] Initializing...
FISCO-BCOS Version : 2.11.0
Build Time         : 20240520 01:38:47
Build Type         : Linux/g++/Release
Git Branch         : HEAD
Git Commit Hash    : bee4dda033297443f02774973445d954933db885
Compile Options    : 
[2024-11-18 00:30:10] The FISCO-BCOS is running...
[2024-11-18 00:33:19] FISCO-BCOS program exit normally.
config file path : config.ini
[2024-11-18 00:33:29] Initializing...
FISCO-BCOS Version : 2.11.0
Build Time         : 20240520 01:38:47
Build Type         : Linux/g++/Release
Git Branch         : HEAD
Git Commit Hash    : bee4dda033297443f02774973445d954933db885
Compile Options    : 
[2024-11-18 00:33:29] The FISCO-BCOS is running...
[2024-11-18 00:35:28] FISCO-BCOS program exit normally.
config file path : config.ini
[2024-11-18 00:36:28] Initializing...
FISCO-BCOS Version : 2.11.0
Build Time         : 20240520 01:38:47
Build Type         : Linux/g++/Release
Git Branch         : HEAD
Git Commit Hash    : bee4dda033297443f02774973445d954933db885
Compile Options    : 
[2024-11-18 00:36:28] The FISCO-BCOS is running...
config file path : config.ini
[2024-11-19 08:31:01] Initializing...
FISCO-BCOS Version : 2.11.0
Build Time         : 20240520 01:38:47
Build Type         : Linux/g++/Release
Git Branch         : HEAD
Git Commit Hash    : bee4dda033297443f02774973445d954933db885
Compile Options    : 
[2024-11-19 08:31:01] The FISCO-BCOS is running...
[2024-11-19 08:33:17] FISCO-BCOS program exit normally.
config file path : config.ini
[2024-11-19 08:33:31] Initializing...
FISCO-BCOS Version : 2.11.0
Build Time         : 20240520 01:38:47
Build Type         : Linux/g++/Release
Git Branch         : HEAD
Git Commit Hash    : bee4dda033297443f02774973445d954933db885
Compile Options    : 
[2024-11-19 08:33:31] The FISCO-BCOS is running...
config file path : config.ini
[2024-11-19 10:01:40] Initializing...
FISCO-BCOS Version : 2.11.0
Build Time         : 20240520 01:38:47
Build Type         : Linux/g++/Release
Git Branch         : HEAD
Git Commit Hash    : bee4dda033297443f02774973445d954933db885
Compile Options    : 
[2024-11-19 10:01:40] The FISCO-BCOS is running...
[2024-11-19 10:05:27] FISCO-BCOS program exit normally.
config file path : config.ini
[2024-11-19 10:05:36] Initializing...
FISCO-BCOS Version : 2.11.0
Build Time         : 20240520 01:38:47
Build Type         : Linux/g++/Release
Git Branch         : HEAD
Git Commit Hash    : bee4dda033297443f02774973445d954933db885
Compile Options    : 
[2024-11-19 10:05:36] The FISCO-BCOS is running...
config file path : config.ini
[2024-11-19 06:08:26] Initializing...
FISCO-BCOS Version : 2.11.0
Build Time         : 20240520 01:38:47
Build Type         : Linux/g++/Release
Git Branch         : HEAD
Git Commit Hash    : bee4dda033297443f02774973445d954933db885
Compile Options    : 
[2024-11-19 06:08:27] The FISCO-BCOS is running...
config file path : config.ini
[2024-11-20 00:33:47] Initializing...
FISCO-BCOS Version : 2.11.0
Build Time         : 20240520 01:38:47
Build Type         : Linux/g++/Release
Git Branch         : HEAD
Git Commit Hash    : bee4dda033297443f02774973445d954933db885
Compile Options    : 
[2024-11-20 00:33:47] The FISCO-BCOS is running...
config file path : config.ini
[2024-11-20 01:35:59] Initializing...
FISCO-BCOS Version : 2.11.0
Build Time         : 20240520 01:38:47
Build Type         : Linux/g++/Release
Git Branch         : HEAD
Git Commit Hash    : bee4dda033297443f02774973445d954933db885
Compile Options    : 
[2024-11-20 01:35:59] The FISCO-BCOS is running...
config file path : config.ini
[2024-11-21 00:24:01] Initializing...
FISCO-BCOS Version : 2.11.0
Build Time         : 20240520 01:38:47
Build Type         : Linux/g++/Release
Git Branch         : HEAD
Git Commit Hash    : bee4dda033297443f02774973445d954933db885
Compile Options    : 
[2024-11-21 00:24:01] The FISCO-BCOS is running...
[2024-11-21 00:35:11] FISCO-BCOS program exit normally.
config file path : config.ini
[2024-11-21 00:35:11] Initializing...
FISCO-BCOS Version : 2.11.0
Build Time         : 20240520 01:38:47
Build Type         : Linux/g++/Release
Git Branch         : HEAD
Git Commit Hash    : bee4dda033297443f02774973445d954933db885
Compile Options    : 
[2024-11-21 00:35:11] The FISCO-BCOS is running...
[2024-11-21 08:48:38] FISCO-BCOS program exit normally.
config file path : config.ini
[2024-11-21 08:48:38] Initializing...
FISCO-BCOS Version : 2.11.0
Build Time         : 20240520 01:38:47
Build Type         : Linux/g++/Release
Git Branch         : HEAD
Git Commit Hash    : bee4dda033297443f02774973445d954933db885
Compile Options    : 
[2024-11-21 08:48:38] The FISCO-BCOS is running...
[2024-11-21 08:50:43] FISCO-BCOS program exit normally.
config file path : config.ini
[2024-11-21 08:50:43] Initializing...
FISCO-BCOS Version : 2.11.0
Build Time         : 20240520 01:38:47
Build Type         : Linux/g++/Release
Git Branch         : HEAD
Git Commit Hash    : bee4dda033297443f02774973445d954933db885
Compile Options    : 
[2024-11-21 08:50:43] The FISCO-BCOS is running...
[2024-11-21 08:51:36] FISCO-BCOS program exit normally.
config file path : config.ini
[2024-11-21 08:51:37] Initializing...
FISCO-BCOS Version : 2.11.0
Build Time         : 20240520 01:38:47
Build Type         : Linux/g++/Release
Git Branch         : HEAD
Git Commit Hash    : bee4dda033297443f02774973445d954933db885
Compile Options    : 
[2024-11-21 08:51:37] The FISCO-BCOS is running...
[2024-11-21 08:52:10] FISCO-BCOS program exit normally.
config file path : config.ini
[2024-11-21 08:52:10] Initializing...
FISCO-BCOS Version : 2.11.0
Build Time         : 20240520 01:38:47
Build Type         : Linux/g++/Release
Git Branch         : HEAD
Git Commit Hash    : bee4dda033297443f02774973445d954933db885
Compile Options    : 
[2024-11-21 08:52:10] The FISCO-BCOS is running...
[2024-11-21 08:54:41] FISCO-BCOS program exit normally.
config file path : config.ini
[2024-11-21 08:54:42] Initializing...
FISCO-BCOS Version : 2.11.0
Build Time         : 20240520 01:38:47
Build Type         : Linux/g++/Release
Git Branch         : HEAD
Git Commit Hash    : bee4dda033297443f02774973445d954933db885
Compile Options    : 
[2024-11-21 08:54:42] The FISCO-BCOS is running...
[2024-11-21 08:54:47] FISCO-BCOS program exit normally.
config file path : config.ini
[2024-11-21 08:55:03] Initializing...
FISCO-BCOS Version : 2.11.0
Build Time         : 20240520 01:38:47
Build Type         : Linux/g++/Release
Git Branch         : HEAD
Git Commit Hash    : bee4dda033297443f02774973445d954933db885
Compile Options    : 
[2024-11-21 08:55:03] The FISCO-BCOS is running...
[2024-11-21 08:55:08] FISCO-BCOS program exit normally.
config file path : config.ini
[2024-11-21 08:57:20] Initializing...
FISCO-BCOS Version : 2.11.0
Build Time         : 20240520 01:38:47
Build Type         : Linux/g++/Release
Git Branch         : HEAD
Git Commit Hash    : bee4dda033297443f02774973445d954933db885
Compile Options    : 
[2024-11-21 08:57:20] The FISCO-BCOS is running...
[2024-11-21 08:57:44] FISCO-BCOS program exit normally.
config file path : config.ini
[2024-11-21 08:59:29] Initializing...
FISCO-BCOS Version : 2.11.0
Build Time         : 20240520 01:38:47
Build Type         : Linux/g++/Release
Git Branch         : HEAD
Git Commit Hash    : bee4dda033297443f02774973445d954933db885
Compile Options    : 
[2024-11-21 08:59:29] The FISCO-BCOS is running...
[2024-11-21 08:59:47] FISCO-BCOS program exit normally.
config file path : config.ini
[2024-11-21 08:59:54] Initializing...
FISCO-BCOS Version : 2.11.0
Build Time         : 20240520 01:38:47
Build Type         : Linux/g++/Release
Git Branch         : HEAD
Git Commit Hash    : bee4dda033297443f02774973445d954933db885
Compile Options    : 
[2024-11-21 08:59:54] The FISCO-BCOS is running...
[2024-11-21 09:00:54] FISCO-BCOS program exit normally.
config file path : config.ini
[2024-11-21 09:01:03] Initializing...
FISCO-BCOS Version : 2.11.0
Build Time         : 20240520 01:38:47
Build Type         : Linux/g++/Release
Git Branch         : HEAD
Git Commit Hash    : bee4dda033297443f02774973445d954933db885
Compile Options    : 
[2024-11-21 09:01:03] The FISCO-BCOS is running...
[2024-11-21 09:01:32] FISCO-BCOS program exit normally.
config file path : config.ini
[2024-11-21 09:01:35] Initializing...
FISCO-BCOS Version : 2.11.0
Build Time         : 20240520 01:38:47
Build Type         : Linux/g++/Release
Git Branch         : HEAD
Git Commit Hash    : bee4dda033297443f02774973445d954933db885
Compile Options    : 
[2024-11-21 09:01:35] The FISCO-BCOS is running...
config file path : config.ini
[2024-11-21 10:21:42] Initializing...
FISCO-BCOS Version : 2.11.0
Build Time         : 20240520 01:38:47
Build Type         : Linux/g++/Release
Git Branch         : HEAD
Git Commit Hash    : bee4dda033297443f02774973445d954933db885
Compile Options    : 
[2024-11-21 10:21:42] The FISCO-BCOS is running...
[2024-11-21 10:21:45] FISCO-BCOS program exit normally.
config file path : config.ini
[2024-11-21 10:21:45] Initializing...
FISCO-BCOS Version : 2.11.0
Build Time         : 20240520 01:38:47
Build Type         : Linux/g++/Release
Git Branch         : HEAD
Git Commit Hash    : bee4dda033297443f02774973445d954933db885
Compile Options    : 
[2024-11-21 10:21:45] The FISCO-BCOS is running...
